{"/Users/rstorm/repos/tokenreg/contracts/TokenReg.sol":{"l":{"28":10,"29":10,"32":10,"33":10,"36":10,"37":9,"41":0,"42":0,"45":2,"46":2,"50":14,"51":14,"52":13,"53":10,"62":10,"63":10,"67":11,"68":11,"72":9,"73":9,"74":9,"75":9,"76":9,"80":1,"81":1,"82":1,"83":1,"84":1,"85":1,"90":1,"94":16,"98":1,"99":1,"100":1,"101":1,"102":1,"103":1,"107":4,"108":4,"109":4,"110":4,"111":4,"112":4,"116":0,"117":0,"118":0,"119":0,"120":0,"121":0,"125":1,"129":1,"130":1,"134":1,"135":1,"136":1,"137":1,"138":1,"142":1},"path":"/Users/rstorm/repos/tokenreg/contracts/TokenReg.sol","s":{"1":10,"2":10,"3":10,"4":0,"5":2,"6":14,"7":14,"8":13,"9":10,"10":10,"11":11,"12":11,"13":9,"14":9,"15":9,"16":9,"17":1,"18":1,"19":1,"20":16,"21":1,"22":1,"23":1,"24":1,"25":1,"26":1,"27":4,"28":4,"29":4,"30":4,"31":4,"32":4,"33":0,"34":0,"35":0,"36":0,"37":0,"38":0,"39":1,"40":1,"41":1,"42":1,"43":1,"44":1,"45":1,"46":1},"b":{"1":[10,0],"2":[10,0],"3":[9,1],"4":[0,0],"5":[2,0],"6":[14,0],"7":[13,1],"8":[10,3],"9":[1,0],"10":[1,0]},"f":{"1":10,"2":10,"3":10,"4":0,"5":2,"6":14,"7":10,"8":11,"9":9,"10":1,"11":1,"12":16,"13":1,"14":4,"15":0,"16":1,"17":1,"18":1,"19":1},"fnMap":{"1":{"name":"when_fee_paid","line":27,"loc":{"start":{"line":27,"column":1},"end":{"line":27,"column":24}}},"2":{"name":"when_address_free","line":31,"loc":{"start":{"line":31,"column":1},"end":{"line":31,"column":43}}},"3":{"name":"when_tla_free","line":35,"loc":{"start":{"line":35,"column":1},"end":{"line":35,"column":37}}},"4":{"name":"when_has_tla","line":40,"loc":{"start":{"line":40,"column":1},"end":{"line":40,"column":36}}},"5":{"name":"only_token_owner","line":44,"loc":{"start":{"line":44,"column":1},"end":{"line":44,"column":40}}},"6":{"name":"validToken","line":49,"loc":{"start":{"line":49,"column":1},"end":{"line":49,"column":63}}},"7":{"name":"register","line":61,"loc":{"start":{"line":61,"column":1},"end":{"line":61,"column":121}}},"8":{"name":"fetchErcValues","line":66,"loc":{"start":{"line":66,"column":1},"end":{"line":66,"column":83}}},"9":{"name":"registerAs","line":71,"loc":{"start":{"line":71,"column":1},"end":{"line":71,"column":182}}},"10":{"name":"unregister","line":79,"loc":{"start":{"line":79,"column":1},"end":{"line":79,"column":51}}},"11":{"name":"setFee","line":89,"loc":{"start":{"line":89,"column":1},"end":{"line":89,"column":48}}},"12":{"name":"tokenCount","line":93,"loc":{"start":{"line":93,"column":1},"end":{"line":93,"column":56}}},"13":{"name":"token","line":97,"loc":{"start":{"line":97,"column":1},"end":{"line":97,"column":121}}},"14":{"name":"fromAddress","line":106,"loc":{"start":{"line":106,"column":1},"end":{"line":106,"column":127}}},"15":{"name":"fromTLA","line":115,"loc":{"start":{"line":115,"column":1},"end":{"line":115,"column":123}}},"16":{"name":"meta","line":124,"loc":{"start":{"line":124,"column":1},"end":{"line":124,"column":75}}},"17":{"name":"setMeta","line":128,"loc":{"start":{"line":128,"column":1},"end":{"line":128,"column":90}}},"18":{"name":"updateToken","line":133,"loc":{"start":{"line":133,"column":1},"end":{"line":133,"column":82}}},"19":{"name":"drain","line":141,"loc":{"start":{"line":141,"column":1},"end":{"line":141,"column":35}}}},"statementMap":{"1":{"start":{"line":28,"column":2},"end":{"line":28,"column":26}},"2":{"start":{"line":32,"column":2},"end":{"line":32,"column":36}},"3":{"start":{"line":36,"column":2},"end":{"line":36,"column":31}},"4":{"start":{"line":41,"column":2},"end":{"line":41,"column":31}},"5":{"start":{"line":45,"column":2},"end":{"line":45,"column":41}},"6":{"start":{"line":50,"column":2},"end":{"line":50,"column":22}},"7":{"start":{"line":51,"column":2},"end":{"line":51,"column":33}},"8":{"start":{"line":52,"column":2},"end":{"line":52,"column":33}},"9":{"start":{"line":62,"column":2},"end":{"line":62,"column":37}},"10":{"start":{"line":63,"column":2},"end":{"line":63,"column":57}},"11":{"start":{"line":67,"column":2},"end":{"line":67,"column":32}},"12":{"start":{"line":68,"column":2},"end":{"line":68,"column":30}},"13":{"start":{"line":73,"column":2},"end":{"line":73,"column":38}},"14":{"start":{"line":74,"column":2},"end":{"line":74,"column":33}},"15":{"start":{"line":75,"column":2},"end":{"line":75,"column":50}},"16":{"start":{"line":76,"column":2},"end":{"line":76,"column":13}},"17":{"start":{"line":80,"column":2},"end":{"line":80,"column":35}},"18":{"start":{"line":84,"column":2},"end":{"line":84,"column":2377}},"19":{"start":{"line":90,"column":2},"end":{"line":90,"column":11}},"20":{"start":{"line":94,"column":2},"end":{"line":94,"column":22}},"21":{"start":{"line":98,"column":2},"end":{"line":98,"column":21}},"22":{"start":{"line":99,"column":2},"end":{"line":99,"column":14}},"23":{"start":{"line":100,"column":2},"end":{"line":100,"column":12}},"24":{"start":{"line":101,"column":2},"end":{"line":101,"column":14}},"25":{"start":{"line":102,"column":2},"end":{"line":102,"column":14}},"26":{"start":{"line":103,"column":2},"end":{"line":103,"column":16}},"27":{"start":{"line":107,"column":2},"end":{"line":107,"column":31}},"28":{"start":{"line":108,"column":2},"end":{"line":108,"column":20}},"29":{"start":{"line":109,"column":2},"end":{"line":109,"column":12}},"30":{"start":{"line":110,"column":2},"end":{"line":110,"column":14}},"31":{"start":{"line":111,"column":2},"end":{"line":111,"column":14}},"32":{"start":{"line":112,"column":2},"end":{"line":112,"column":16}},"33":{"start":{"line":116,"column":2},"end":{"line":116,"column":26}},"34":{"start":{"line":117,"column":2},"end":{"line":117,"column":20}},"35":{"start":{"line":118,"column":2},"end":{"line":118,"column":14}},"36":{"start":{"line":119,"column":2},"end":{"line":119,"column":14}},"37":{"start":{"line":120,"column":2},"end":{"line":120,"column":14}},"38":{"start":{"line":121,"column":2},"end":{"line":121,"column":16}},"39":{"start":{"line":125,"column":2},"end":{"line":125,"column":31}},"40":{"start":{"line":129,"column":2},"end":{"line":129,"column":32}},"41":{"start":{"line":130,"column":2},"end":{"line":130,"column":31}},"42":{"start":{"line":134,"column":2},"end":{"line":134,"column":25}},"43":{"start":{"line":135,"column":2},"end":{"line":135,"column":40}},"44":{"start":{"line":136,"column":2},"end":{"line":136,"column":28}},"45":{"start":{"line":137,"column":2},"end":{"line":137,"column":24}},"46":{"start":{"line":138,"column":2},"end":{"line":138,"column":34}}},"branchMap":{"1":{"line":28,"type":"if","locations":[{"start":{"line":28,"column":2},"end":{"line":28,"column":2}},{"start":{"line":28,"column":2},"end":{"line":28,"column":2}}]},"2":{"line":32,"type":"if","locations":[{"start":{"line":32,"column":2},"end":{"line":32,"column":2}},{"start":{"line":32,"column":2},"end":{"line":32,"column":2}}]},"3":{"line":36,"type":"if","locations":[{"start":{"line":36,"column":2},"end":{"line":36,"column":2}},{"start":{"line":36,"column":2},"end":{"line":36,"column":2}}]},"4":{"line":41,"type":"if","locations":[{"start":{"line":41,"column":2},"end":{"line":41,"column":2}},{"start":{"line":41,"column":2},"end":{"line":41,"column":2}}]},"5":{"line":45,"type":"if","locations":[{"start":{"line":45,"column":2},"end":{"line":45,"column":2}},{"start":{"line":45,"column":2},"end":{"line":45,"column":2}}]},"6":{"line":50,"type":"if","locations":[{"start":{"line":50,"column":2},"end":{"line":50,"column":2}},{"start":{"line":50,"column":2},"end":{"line":50,"column":2}}]},"7":{"line":51,"type":"if","locations":[{"start":{"line":51,"column":2},"end":{"line":51,"column":2}},{"start":{"line":51,"column":2},"end":{"line":51,"column":2}}]},"8":{"line":52,"type":"if","locations":[{"start":{"line":52,"column":2},"end":{"line":52,"column":2}},{"start":{"line":52,"column":2},"end":{"line":52,"column":2}}]},"9":{"line":84,"type":"if","locations":[{"start":{"line":84,"column":2},"end":{"line":84,"column":2}},{"start":{"line":84,"column":2},"end":{"line":84,"column":2}}]},"10":{"line":134,"type":"if","locations":[{"start":{"line":134,"column":2},"end":{"line":134,"column":2}},{"start":{"line":134,"column":2},"end":{"line":134,"column":2}}]}}}}