TN:
SF:/Users/rstorm/repos/tokenreg/contracts/TokenReg.sol
FN:27,when_fee_paid
FN:31,when_address_free
FN:35,when_tla_free
FN:40,when_has_tla
FN:44,only_token_owner
FN:49,validToken
FN:61,register
FN:66,fetchErcValues
FN:71,registerAs
FN:79,unregister
FN:89,setFee
FN:93,tokenCount
FN:97,token
FN:106,fromAddress
FN:115,fromTLA
FN:124,meta
FN:128,setMeta
FN:133,updateToken
FN:141,drain
FNF:19
FNH:17
FNDA:10,when_fee_paid
FNDA:10,when_address_free
FNDA:10,when_tla_free
FNDA:0,when_has_tla
FNDA:2,only_token_owner
FNDA:14,validToken
FNDA:10,register
FNDA:11,fetchErcValues
FNDA:9,registerAs
FNDA:1,unregister
FNDA:1,setFee
FNDA:16,tokenCount
FNDA:1,token
FNDA:4,fromAddress
FNDA:0,fromTLA
FNDA:1,meta
FNDA:1,setMeta
FNDA:1,updateToken
FNDA:1,drain
DA:28,10
DA:29,10
DA:32,10
DA:33,10
DA:36,10
DA:37,9
DA:41,0
DA:42,0
DA:45,2
DA:46,2
DA:50,14
DA:51,14
DA:52,13
DA:53,10
DA:62,10
DA:63,10
DA:67,11
DA:68,11
DA:72,9
DA:73,9
DA:74,9
DA:75,9
DA:76,9
DA:80,1
DA:81,1
DA:82,1
DA:83,1
DA:84,1
DA:85,1
DA:90,1
DA:94,16
DA:98,1
DA:99,1
DA:100,1
DA:101,1
DA:102,1
DA:103,1
DA:107,4
DA:108,4
DA:109,4
DA:110,4
DA:111,4
DA:112,4
DA:116,0
DA:117,0
DA:118,0
DA:119,0
DA:120,0
DA:121,0
DA:125,1
DA:129,1
DA:130,1
DA:134,1
DA:135,1
DA:136,1
DA:137,1
DA:138,1
DA:142,1
LF:58
LH:50
BRDA:28,1,0,10
BRDA:28,1,1,0
BRDA:32,2,0,10
BRDA:32,2,1,0
BRDA:36,3,0,9
BRDA:36,3,1,1
BRDA:41,4,0,0
BRDA:41,4,1,0
BRDA:45,5,0,2
BRDA:45,5,1,0
BRDA:50,6,0,14
BRDA:50,6,1,0
BRDA:51,7,0,13
BRDA:51,7,1,1
BRDA:52,8,0,10
BRDA:52,8,1,3
BRDA:84,9,0,1
BRDA:84,9,1,0
BRDA:134,10,0,1
BRDA:134,10,1,0
BRF:20
BRH:12
end_of_record
